<?xml version="1.0" encoding="UTF-8"?>
<!-- Generated by org.testng.reporters.JUnitReportReporter -->
<testsuite hostname="DESKTOP-DV5D261" failures="0" tests="4" name="testNGClassesAngel.TestNGHomePage" time="73.515" errors="0" timestamp="2021-10-12T03:15:01 IST" skipped="0">
  <testcase classname="testNGClassesAngel.TestNGHomePage" name="VerifyOrders" time="18.255"/>
  <system-out/>
  <testcase classname="testNGClassesAngel.TestNGHomePage" name="VerifyOrders" time="18.172"/>
  <system-out/>
  <testcase classname="testNGClassesAngel.TestNGHomePage" name="VerifyOrders" time="18.008"/>
  <system-out/>
  <testcase classname="testNGClassesAngel.TestNGHomePage" name="VerifyMarkets" time="19.080"/>
  <system-out/>
</testsuite> <!-- testNGClassesAngel.TestNGHomePage -->
