<?xml version="1.0" encoding="UTF-8"?>
<!-- Generated by org.testng.reporters.JUnitReportReporter -->
<testsuite hostname="DESKTOP-DV5D261" failures="0" tests="1" name="testNGClassesLIC.TestNGLIC" time="11.335" errors="0" timestamp="2021-10-12T11:22:25 IST" skipped="0">
  <testcase classname="testNGClassesLIC.TestNGLIC" name="VerifyClickOnHomePage" time="11.335"/>
  <system-out/>
</testsuite> <!-- testNGClassesLIC.TestNGLIC -->
