<?xml version="1.0" encoding="UTF-8"?>
<!-- Generated by org.testng.reporters.JUnitReportReporter -->
<testsuite hostname="DESKTOP-DV5D261" failures="0" tests="1" name="testNGClassesAngel.TestNGAngel" time="15.704" errors="0" timestamp="2021-10-11T23:20:11 IST" skipped="0">
  <testcase classname="testNGClassesAngel.TestNGAngel" name="VerifyLogInButton" time="15.704"/>
  <system-out/>
</testsuite> <!-- testNGClassesAngel.TestNGAngel -->
