<?xml version="1.0" encoding="UTF-8"?>
<!-- Generated by org.testng.reporters.JUnitReportReporter -->
<testsuite hostname="DESKTOP-DV5D261" failures="0" tests="1" name="testNGClassesLIC.VerifyNewUserButton" time="17.273" errors="0" timestamp="2021-10-12T11:58:41 IST" skipped="0">
  <testcase classname="testNGClassesLIC.VerifyNewUserButton" name="verifyNewUser" time="17.273"/>
  <system-out/>
</testsuite> <!-- testNGClassesLIC.VerifyNewUserButton -->
